[0.926s] Invoking command in '/home/mike/ros2_project/src/balancing_robot': PYTHONPATH=/home/mike/ros2_project/build/balancing_robot/prefix_override:/home/mike/ros2_project/install/balancing_robot/lib/python3.10/site-packages:${PYTHONPATH} /usr/bin/python3 setup.py egg_info --egg-base ../../build/balancing_robot build --build-base /home/mike/ros2_project/build/balancing_robot/build install --record /home/mike/ros2_project/build/balancing_robot/install.log --single-version-externally-managed
[1.285s] running egg_info
[1.286s] writing ../../build/balancing_robot/balancing_robot.egg-info/PKG-INFO
[1.286s] writing dependency_links to ../../build/balancing_robot/balancing_robot.egg-info/dependency_links.txt
[1.287s] writing entry points to ../../build/balancing_robot/balancing_robot.egg-info/entry_points.txt
[1.287s] writing requirements to ../../build/balancing_robot/balancing_robot.egg-info/requires.txt
[1.287s] writing top-level names to ../../build/balancing_robot/balancing_robot.egg-info/top_level.txt
[1.290s] reading manifest file '../../build/balancing_robot/balancing_robot.egg-info/SOURCES.txt'
[1.292s] writing manifest file '../../build/balancing_robot/balancing_robot.egg-info/SOURCES.txt'
[1.292s] running build
[1.292s] running build_py
[1.292s] copying balancing_robot/regulator.py -> /home/mike/ros2_project/build/balancing_robot/build/lib/balancing_robot
[1.293s] running install
[1.294s] running install_lib
[1.295s] copying /home/mike/ros2_project/build/balancing_robot/build/lib/balancing_robot/regulator.py -> /home/mike/ros2_project/install/balancing_robot/lib/python3.10/site-packages/balancing_robot
[1.296s] byte-compiling /home/mike/ros2_project/install/balancing_robot/lib/python3.10/site-packages/balancing_robot/regulator.py to regulator.cpython-310.pyc
[1.297s] running install_data
[1.298s] running install_egg_info
[1.301s] removing '/home/mike/ros2_project/install/balancing_robot/lib/python3.10/site-packages/balancing_robot-0.0.0-py3.10.egg-info' (and everything under it)
[1.301s] Copying ../../build/balancing_robot/balancing_robot.egg-info to /home/mike/ros2_project/install/balancing_robot/lib/python3.10/site-packages/balancing_robot-0.0.0-py3.10.egg-info
[1.303s] running install_scripts
[1.329s] Installing regulator script to /home/mike/ros2_project/install/balancing_robot/lib/balancing_robot
[1.329s] Installing spawn script to /home/mike/ros2_project/install/balancing_robot/lib/balancing_robot
[1.330s] writing list of installed files to '/home/mike/ros2_project/build/balancing_robot/install.log'
[1.367s] Invoked command in '/home/mike/ros2_project/src/balancing_robot' returned '0': PYTHONPATH=/home/mike/ros2_project/build/balancing_robot/prefix_override:/home/mike/ros2_project/install/balancing_robot/lib/python3.10/site-packages:${PYTHONPATH} /usr/bin/python3 setup.py egg_info --egg-base ../../build/balancing_robot build --build-base /home/mike/ros2_project/build/balancing_robot/build install --record /home/mike/ros2_project/build/balancing_robot/install.log --single-version-externally-managed
