[1.084s] Invoking command in '/home/mike/ros2_project/src/balancing_robot': PYTHONPATH=/home/mike/ros2_project/build/balancing_robot/prefix_override:/home/mike/ros2_project/install/balancing_robot/lib/python3.10/site-packages:${PYTHONPATH} /usr/bin/python3 setup.py egg_info --egg-base ../../build/balancing_robot build --build-base /home/mike/ros2_project/build/balancing_robot/build install --record /home/mike/ros2_project/build/balancing_robot/install.log --single-version-externally-managed
[1.510s] running egg_info
[1.511s] writing ../../build/balancing_robot/balancing_robot.egg-info/PKG-INFO
[1.511s] writing dependency_links to ../../build/balancing_robot/balancing_robot.egg-info/dependency_links.txt
[1.512s] writing entry points to ../../build/balancing_robot/balancing_robot.egg-info/entry_points.txt
[1.512s] writing requirements to ../../build/balancing_robot/balancing_robot.egg-info/requires.txt
[1.512s] writing top-level names to ../../build/balancing_robot/balancing_robot.egg-info/top_level.txt
[1.516s] reading manifest file '../../build/balancing_robot/balancing_robot.egg-info/SOURCES.txt'
[1.517s] writing manifest file '../../build/balancing_robot/balancing_robot.egg-info/SOURCES.txt'
[1.518s] running build
[1.518s] running build_py
[1.518s] copying balancing_robot/imu.py -> /home/mike/ros2_project/build/balancing_robot/build/lib/balancing_robot
[1.519s] running install
[1.519s] running install_lib
[1.520s] copying /home/mike/ros2_project/build/balancing_robot/build/lib/balancing_robot/imu.py -> /home/mike/ros2_project/install/balancing_robot/lib/python3.10/site-packages/balancing_robot
[1.521s] byte-compiling /home/mike/ros2_project/install/balancing_robot/lib/python3.10/site-packages/balancing_robot/imu.py to imu.cpython-310.pyc
[1.522s] running install_data
[1.524s] running install_egg_info
[1.526s] removing '/home/mike/ros2_project/install/balancing_robot/lib/python3.10/site-packages/balancing_robot-0.0.0-py3.10.egg-info' (and everything under it)
[1.526s] Copying ../../build/balancing_robot/balancing_robot.egg-info to /home/mike/ros2_project/install/balancing_robot/lib/python3.10/site-packages/balancing_robot-0.0.0-py3.10.egg-info
[1.527s] running install_scripts
[1.554s] Installing controller script to /home/mike/ros2_project/install/balancing_robot/lib/balancing_robot
[1.555s] Installing imu_decoder script to /home/mike/ros2_project/install/balancing_robot/lib/balancing_robot
[1.555s] Installing regulator script to /home/mike/ros2_project/install/balancing_robot/lib/balancing_robot
[1.555s] Installing spawn script to /home/mike/ros2_project/install/balancing_robot/lib/balancing_robot
[1.555s] Installing teleop_node script to /home/mike/ros2_project/install/balancing_robot/lib/balancing_robot
[1.556s] writing list of installed files to '/home/mike/ros2_project/build/balancing_robot/install.log'
[1.592s] Invoked command in '/home/mike/ros2_project/src/balancing_robot' returned '0': PYTHONPATH=/home/mike/ros2_project/build/balancing_robot/prefix_override:/home/mike/ros2_project/install/balancing_robot/lib/python3.10/site-packages:${PYTHONPATH} /usr/bin/python3 setup.py egg_info --egg-base ../../build/balancing_robot build --build-base /home/mike/ros2_project/build/balancing_robot/build install --record /home/mike/ros2_project/build/balancing_robot/install.log --single-version-externally-managed
