[3.646s] Invoking command in '/home/mike/ros2_project/src/balancing_robot': PYTHONPATH=/home/mike/ros2_project/build/balancing_robot/prefix_override:/home/mike/ros2_project/install/balancing_robot/lib/python3.10/site-packages:${PYTHONPATH} /usr/bin/python3 setup.py egg_info --egg-base ../../build/balancing_robot build --build-base /home/mike/ros2_project/build/balancing_robot/build install --record /home/mike/ros2_project/build/balancing_robot/install.log --single-version-externally-managed
[5.422s] running egg_info
[5.426s] writing ../../build/balancing_robot/balancing_robot.egg-info/PKG-INFO
[5.427s] writing dependency_links to ../../build/balancing_robot/balancing_robot.egg-info/dependency_links.txt
[5.428s] writing entry points to ../../build/balancing_robot/balancing_robot.egg-info/entry_points.txt
[5.429s] writing requirements to ../../build/balancing_robot/balancing_robot.egg-info/requires.txt
[5.429s] writing top-level names to ../../build/balancing_robot/balancing_robot.egg-info/top_level.txt
[5.440s] reading manifest file '../../build/balancing_robot/balancing_robot.egg-info/SOURCES.txt'
[5.446s] writing manifest file '../../build/balancing_robot/balancing_robot.egg-info/SOURCES.txt'
[5.447s] running build
[5.447s] running build_py
[5.452s] running install
[5.454s] running install_lib
[5.462s] running install_data
[5.467s] copying launch/balancing_robot.launch.py -> /home/mike/ros2_project/install/balancing_robot/share/balancing_robot/launch
[5.469s] running install_egg_info
[5.483s] removing '/home/mike/ros2_project/install/balancing_robot/lib/python3.10/site-packages/balancing_robot-0.0.0-py3.10.egg-info' (and everything under it)
[5.486s] Copying ../../build/balancing_robot/balancing_robot.egg-info to /home/mike/ros2_project/install/balancing_robot/lib/python3.10/site-packages/balancing_robot-0.0.0-py3.10.egg-info
[5.492s] running install_scripts
[5.614s] Installing controller script to /home/mike/ros2_project/install/balancing_robot/lib/balancing_robot
[5.615s] Installing imu_decoder script to /home/mike/ros2_project/install/balancing_robot/lib/balancing_robot
[5.617s] Installing regulator script to /home/mike/ros2_project/install/balancing_robot/lib/balancing_robot
[5.618s] Installing spawn script to /home/mike/ros2_project/install/balancing_robot/lib/balancing_robot
[5.619s] Installing teleop_node script to /home/mike/ros2_project/install/balancing_robot/lib/balancing_robot
[5.621s] writing list of installed files to '/home/mike/ros2_project/build/balancing_robot/install.log'
[5.763s] Invoked command in '/home/mike/ros2_project/src/balancing_robot' returned '0': PYTHONPATH=/home/mike/ros2_project/build/balancing_robot/prefix_override:/home/mike/ros2_project/install/balancing_robot/lib/python3.10/site-packages:${PYTHONPATH} /usr/bin/python3 setup.py egg_info --egg-base ../../build/balancing_robot build --build-base /home/mike/ros2_project/build/balancing_robot/build install --record /home/mike/ros2_project/build/balancing_robot/install.log --single-version-externally-managed
