running egg_info
writing ../../build/balancing_robot/balancing_robot.egg-info/PKG-INFO
writing dependency_links to ../../build/balancing_robot/balancing_robot.egg-info/dependency_links.txt
writing entry points to ../../build/balancing_robot/balancing_robot.egg-info/entry_points.txt
writing requirements to ../../build/balancing_robot/balancing_robot.egg-info/requires.txt
writing top-level names to ../../build/balancing_robot/balancing_robot.egg-info/top_level.txt
reading manifest file '../../build/balancing_robot/balancing_robot.egg-info/SOURCES.txt'
writing manifest file '../../build/balancing_robot/balancing_robot.egg-info/SOURCES.txt'
running build
running build_py
copying balancing_robot/imu.py -> /home/mike/ros2_project/build/balancing_robot/build/lib/balancing_robot
copying balancing_robot/controller.py -> /home/mike/ros2_project/build/balancing_robot/build/lib/balancing_robot
running install
running install_lib
copying /home/mike/ros2_project/build/balancing_robot/build/lib/balancing_robot/imu.py -> /home/mike/ros2_project/install/balancing_robot/lib/python3.10/site-packages/balancing_robot
copying /home/mike/ros2_project/build/balancing_robot/build/lib/balancing_robot/controller.py -> /home/mike/ros2_project/install/balancing_robot/lib/python3.10/site-packages/balancing_robot
byte-compiling /home/mike/ros2_project/install/balancing_robot/lib/python3.10/site-packages/balancing_robot/imu.py to imu.cpython-310.pyc
byte-compiling /home/mike/ros2_project/install/balancing_robot/lib/python3.10/site-packages/balancing_robot/controller.py to controller.cpython-310.pyc
running install_data
running install_egg_info
removing '/home/mike/ros2_project/install/balancing_robot/lib/python3.10/site-packages/balancing_robot-0.0.0-py3.10.egg-info' (and everything under it)
Copying ../../build/balancing_robot/balancing_robot.egg-info to /home/mike/ros2_project/install/balancing_robot/lib/python3.10/site-packages/balancing_robot-0.0.0-py3.10.egg-info
running install_scripts
Installing controller script to /home/mike/ros2_project/install/balancing_robot/lib/balancing_robot
Installing imu_decoder script to /home/mike/ros2_project/install/balancing_robot/lib/balancing_robot
Installing regulator script to /home/mike/ros2_project/install/balancing_robot/lib/balancing_robot
Installing spawn script to /home/mike/ros2_project/install/balancing_robot/lib/balancing_robot
writing list of installed files to '/home/mike/ros2_project/build/balancing_robot/install.log'
