[1.718s] Invoking command in '/home/mike/ros2_project/src/balancing_robot': PYTHONPATH=/home/mike/ros2_project/build/balancing_robot/prefix_override:/home/mike/ros2_project/install/balancing_robot/lib/python3.10/site-packages:${PYTHONPATH} /usr/bin/python3 setup.py egg_info --egg-base ../../build/balancing_robot build --build-base /home/mike/ros2_project/build/balancing_robot/build install --record /home/mike/ros2_project/build/balancing_robot/install.log --single-version-externally-managed
[2.306s] running egg_info
[2.307s] writing ../../build/balancing_robot/balancing_robot.egg-info/PKG-INFO
[2.307s] writing dependency_links to ../../build/balancing_robot/balancing_robot.egg-info/dependency_links.txt
[2.308s] writing entry points to ../../build/balancing_robot/balancing_robot.egg-info/entry_points.txt
[2.308s] writing requirements to ../../build/balancing_robot/balancing_robot.egg-info/requires.txt
[2.308s] writing top-level names to ../../build/balancing_robot/balancing_robot.egg-info/top_level.txt
[2.312s] reading manifest file '../../build/balancing_robot/balancing_robot.egg-info/SOURCES.txt'
[2.314s] writing manifest file '../../build/balancing_robot/balancing_robot.egg-info/SOURCES.txt'
[2.314s] running build
[2.314s] running build_py
[2.314s] copying balancing_robot/controller.py -> /home/mike/ros2_project/build/balancing_robot/build/lib/balancing_robot
[2.315s] running install
[2.315s] running install_lib
[2.317s] copying /home/mike/ros2_project/build/balancing_robot/build/lib/balancing_robot/controller.py -> /home/mike/ros2_project/install/balancing_robot/lib/python3.10/site-packages/balancing_robot
[2.318s] byte-compiling /home/mike/ros2_project/install/balancing_robot/lib/python3.10/site-packages/balancing_robot/controller.py to controller.cpython-310.pyc
[2.319s] running install_data
[2.320s] running install_egg_info
[2.322s] removing '/home/mike/ros2_project/install/balancing_robot/lib/python3.10/site-packages/balancing_robot-0.0.0-py3.10.egg-info' (and everything under it)
[2.323s] Copying ../../build/balancing_robot/balancing_robot.egg-info to /home/mike/ros2_project/install/balancing_robot/lib/python3.10/site-packages/balancing_robot-0.0.0-py3.10.egg-info
[2.324s] running install_scripts
[2.355s] Installing controller script to /home/mike/ros2_project/install/balancing_robot/lib/balancing_robot
[2.356s] Installing imu_decoder script to /home/mike/ros2_project/install/balancing_robot/lib/balancing_robot
[2.356s] Installing regulator script to /home/mike/ros2_project/install/balancing_robot/lib/balancing_robot
[2.356s] Installing spawn script to /home/mike/ros2_project/install/balancing_robot/lib/balancing_robot
[2.356s] Installing teleop_node script to /home/mike/ros2_project/install/balancing_robot/lib/balancing_robot
[2.357s] writing list of installed files to '/home/mike/ros2_project/build/balancing_robot/install.log'
[2.401s] Invoked command in '/home/mike/ros2_project/src/balancing_robot' returned '0': PYTHONPATH=/home/mike/ros2_project/build/balancing_robot/prefix_override:/home/mike/ros2_project/install/balancing_robot/lib/python3.10/site-packages:${PYTHONPATH} /usr/bin/python3 setup.py egg_info --egg-base ../../build/balancing_robot build --build-base /home/mike/ros2_project/build/balancing_robot/build install --record /home/mike/ros2_project/build/balancing_robot/install.log --single-version-externally-managed
