[3.636s] Invoking command in '/home/mike/ros2_project/src/balancing_robot': PYTHONPATH=/home/mike/ros2_project/build/balancing_robot/prefix_override:/home/mike/ros2_project/install/balancing_robot/lib/python3.10/site-packages:${PYTHONPATH} /usr/bin/python3 setup.py egg_info --egg-base ../../build/balancing_robot build --build-base /home/mike/ros2_project/build/balancing_robot/build install --record /home/mike/ros2_project/build/balancing_robot/install.log --single-version-externally-managed
[4.957s] running egg_info
[4.960s] writing ../../build/balancing_robot/balancing_robot.egg-info/PKG-INFO
[4.961s] writing dependency_links to ../../build/balancing_robot/balancing_robot.egg-info/dependency_links.txt
[4.962s] writing entry points to ../../build/balancing_robot/balancing_robot.egg-info/entry_points.txt
[4.963s] writing requirements to ../../build/balancing_robot/balancing_robot.egg-info/requires.txt
[4.964s] writing top-level names to ../../build/balancing_robot/balancing_robot.egg-info/top_level.txt
[4.974s] reading manifest file '../../build/balancing_robot/balancing_robot.egg-info/SOURCES.txt'
[4.978s] writing manifest file '../../build/balancing_robot/balancing_robot.egg-info/SOURCES.txt'
[4.978s] running build
[4.979s] running build_py
[4.981s] running install
[4.982s] running install_lib
[4.988s] running install_data
[4.991s] copying launch/balancing_robot.launch.py -> /home/mike/ros2_project/install/balancing_robot/share/balancing_robot/launch
[4.997s] running install_egg_info
[5.002s] removing '/home/mike/ros2_project/install/balancing_robot/lib/python3.10/site-packages/balancing_robot-0.0.0-py3.10.egg-info' (and everything under it)
[5.003s] Copying ../../build/balancing_robot/balancing_robot.egg-info to /home/mike/ros2_project/install/balancing_robot/lib/python3.10/site-packages/balancing_robot-0.0.0-py3.10.egg-info
[5.008s] running install_scripts
[5.091s] Installing controller script to /home/mike/ros2_project/install/balancing_robot/lib/balancing_robot
[5.095s] Installing imu_decoder script to /home/mike/ros2_project/install/balancing_robot/lib/balancing_robot
[5.095s] Installing regulator script to /home/mike/ros2_project/install/balancing_robot/lib/balancing_robot
[5.096s] Installing spawn script to /home/mike/ros2_project/install/balancing_robot/lib/balancing_robot
[5.096s] Installing teleop_node script to /home/mike/ros2_project/install/balancing_robot/lib/balancing_robot
[5.098s] writing list of installed files to '/home/mike/ros2_project/build/balancing_robot/install.log'
[5.189s] Invoked command in '/home/mike/ros2_project/src/balancing_robot' returned '0': PYTHONPATH=/home/mike/ros2_project/build/balancing_robot/prefix_override:/home/mike/ros2_project/install/balancing_robot/lib/python3.10/site-packages:${PYTHONPATH} /usr/bin/python3 setup.py egg_info --egg-base ../../build/balancing_robot build --build-base /home/mike/ros2_project/build/balancing_robot/build install --record /home/mike/ros2_project/build/balancing_robot/install.log --single-version-externally-managed
