[1.221s] Invoking command in '/home/mike/ros2_project/src/balancing_robot': PYTHONPATH=/home/mike/ros2_project/build/balancing_robot/prefix_override:/home/mike/ros2_project/install/balancing_robot/lib/python3.10/site-packages:${PYTHONPATH} /usr/bin/python3 setup.py egg_info --egg-base ../../build/balancing_robot build --build-base /home/mike/ros2_project/build/balancing_robot/build install --record /home/mike/ros2_project/build/balancing_robot/install.log --single-version-externally-managed
[1.686s] running egg_info
[1.687s] writing ../../build/balancing_robot/balancing_robot.egg-info/PKG-INFO
[1.687s] writing dependency_links to ../../build/balancing_robot/balancing_robot.egg-info/dependency_links.txt
[1.687s] writing entry points to ../../build/balancing_robot/balancing_robot.egg-info/entry_points.txt
[1.688s] writing requirements to ../../build/balancing_robot/balancing_robot.egg-info/requires.txt
[1.688s] writing top-level names to ../../build/balancing_robot/balancing_robot.egg-info/top_level.txt
[1.691s] reading manifest file '../../build/balancing_robot/balancing_robot.egg-info/SOURCES.txt'
[1.693s] writing manifest file '../../build/balancing_robot/balancing_robot.egg-info/SOURCES.txt'
[1.693s] running build
[1.693s] running build_py
[1.694s] running install
[1.695s] running install_lib
[1.698s] running install_data
[1.699s] copying launch/balancing_robot.launch.py -> /home/mike/ros2_project/install/balancing_robot/share/balancing_robot/launch
[1.699s] running install_egg_info
[1.701s] removing '/home/mike/ros2_project/install/balancing_robot/lib/python3.10/site-packages/balancing_robot-0.0.0-py3.10.egg-info' (and everything under it)
[1.702s] Copying ../../build/balancing_robot/balancing_robot.egg-info to /home/mike/ros2_project/install/balancing_robot/lib/python3.10/site-packages/balancing_robot-0.0.0-py3.10.egg-info
[1.704s] running install_scripts
[1.733s] Installing controller script to /home/mike/ros2_project/install/balancing_robot/lib/balancing_robot
[1.734s] Installing imu_decoder script to /home/mike/ros2_project/install/balancing_robot/lib/balancing_robot
[1.734s] Installing regulator script to /home/mike/ros2_project/install/balancing_robot/lib/balancing_robot
[1.735s] Installing spawn script to /home/mike/ros2_project/install/balancing_robot/lib/balancing_robot
[1.735s] Installing teleop_node script to /home/mike/ros2_project/install/balancing_robot/lib/balancing_robot
[1.736s] writing list of installed files to '/home/mike/ros2_project/build/balancing_robot/install.log'
[1.779s] Invoked command in '/home/mike/ros2_project/src/balancing_robot' returned '0': PYTHONPATH=/home/mike/ros2_project/build/balancing_robot/prefix_override:/home/mike/ros2_project/install/balancing_robot/lib/python3.10/site-packages:${PYTHONPATH} /usr/bin/python3 setup.py egg_info --egg-base ../../build/balancing_robot build --build-base /home/mike/ros2_project/build/balancing_robot/build install --record /home/mike/ros2_project/build/balancing_robot/install.log --single-version-externally-managed
