[0.825s] Invoking command in '/home/mike/ros2_project/src/balancing_robot': PYTHONPATH=/home/mike/ros2_project/build/balancing_robot/prefix_override:/home/mike/ros2_project/install/balancing_robot/lib/python3.10/site-packages:${PYTHONPATH} /usr/bin/python3 setup.py egg_info --egg-base ../../build/balancing_robot build --build-base /home/mike/ros2_project/build/balancing_robot/build install --record /home/mike/ros2_project/build/balancing_robot/install.log --single-version-externally-managed
[1.139s] running egg_info
[1.140s] writing ../../build/balancing_robot/balancing_robot.egg-info/PKG-INFO
[1.140s] writing dependency_links to ../../build/balancing_robot/balancing_robot.egg-info/dependency_links.txt
[1.141s] writing entry points to ../../build/balancing_robot/balancing_robot.egg-info/entry_points.txt
[1.141s] writing requirements to ../../build/balancing_robot/balancing_robot.egg-info/requires.txt
[1.141s] writing top-level names to ../../build/balancing_robot/balancing_robot.egg-info/top_level.txt
[1.143s] reading manifest file '../../build/balancing_robot/balancing_robot.egg-info/SOURCES.txt'
[1.145s] writing manifest file '../../build/balancing_robot/balancing_robot.egg-info/SOURCES.txt'
[1.145s] running build
[1.146s] running build_py
[1.146s] running install
[1.146s] running install_lib
[1.148s] running install_data
[1.149s] copying sdf/balancing_robot.sdf -> /home/mike/ros2_project/install/balancing_robot/share/balancing_robot/sdf
[1.149s] running install_egg_info
[1.151s] removing '/home/mike/ros2_project/install/balancing_robot/lib/python3.10/site-packages/balancing_robot-0.0.0-py3.10.egg-info' (and everything under it)
[1.152s] Copying ../../build/balancing_robot/balancing_robot.egg-info to /home/mike/ros2_project/install/balancing_robot/lib/python3.10/site-packages/balancing_robot-0.0.0-py3.10.egg-info
[1.153s] running install_scripts
[1.177s] Installing spawn script to /home/mike/ros2_project/install/balancing_robot/lib/balancing_robot
[1.177s] writing list of installed files to '/home/mike/ros2_project/build/balancing_robot/install.log'
[1.212s] Invoked command in '/home/mike/ros2_project/src/balancing_robot' returned '0': PYTHONPATH=/home/mike/ros2_project/build/balancing_robot/prefix_override:/home/mike/ros2_project/install/balancing_robot/lib/python3.10/site-packages:${PYTHONPATH} /usr/bin/python3 setup.py egg_info --egg-base ../../build/balancing_robot build --build-base /home/mike/ros2_project/build/balancing_robot/build install --record /home/mike/ros2_project/build/balancing_robot/install.log --single-version-externally-managed
