/home/mike/ros2_project/install/balancing_robot/lib/python3.10/site-packages/balancing_robot/__init__.py
/home/mike/ros2_project/install/balancing_robot/lib/python3.10/site-packages/balancing_robot/regulator.py
/home/mike/ros2_project/install/balancing_robot/lib/python3.10/site-packages/balancing_robot/imu.py
/home/mike/ros2_project/install/balancing_robot/lib/python3.10/site-packages/balancing_robot/controller.py
/home/mike/ros2_project/install/balancing_robot/lib/python3.10/site-packages/balancing_robot/spawn.py
/home/mike/ros2_project/install/balancing_robot/lib/python3.10/site-packages/balancing_robot/teleop.py
/home/mike/ros2_project/install/balancing_robot/lib/python3.10/site-packages/balancing_robot/__pycache__/__init__.cpython-310.pyc
/home/mike/ros2_project/install/balancing_robot/lib/python3.10/site-packages/balancing_robot/__pycache__/regulator.cpython-310.pyc
/home/mike/ros2_project/install/balancing_robot/lib/python3.10/site-packages/balancing_robot/__pycache__/imu.cpython-310.pyc
/home/mike/ros2_project/install/balancing_robot/lib/python3.10/site-packages/balancing_robot/__pycache__/controller.cpython-310.pyc
/home/mike/ros2_project/install/balancing_robot/lib/python3.10/site-packages/balancing_robot/__pycache__/spawn.cpython-310.pyc
/home/mike/ros2_project/install/balancing_robot/lib/python3.10/site-packages/balancing_robot/__pycache__/teleop.cpython-310.pyc
/home/mike/ros2_project/install/balancing_robot/share/ament_index/resource_index/packages/balancing_robot
/home/mike/ros2_project/install/balancing_robot/share/balancing_robot/package.xml
/home/mike/ros2_project/install/balancing_robot/share/balancing_robot/launch/balancing_robot.launch.py
/home/mike/ros2_project/install/balancing_robot/share/balancing_robot/sdf/balancing_robot.sdf
/home/mike/ros2_project/install/balancing_robot/lib/python3.10/site-packages/balancing_robot-0.0.0-py3.10.egg-info/dependency_links.txt
/home/mike/ros2_project/install/balancing_robot/lib/python3.10/site-packages/balancing_robot-0.0.0-py3.10.egg-info/zip-safe
/home/mike/ros2_project/install/balancing_robot/lib/python3.10/site-packages/balancing_robot-0.0.0-py3.10.egg-info/entry_points.txt
/home/mike/ros2_project/install/balancing_robot/lib/python3.10/site-packages/balancing_robot-0.0.0-py3.10.egg-info/requires.txt
/home/mike/ros2_project/install/balancing_robot/lib/python3.10/site-packages/balancing_robot-0.0.0-py3.10.egg-info/SOURCES.txt
/home/mike/ros2_project/install/balancing_robot/lib/python3.10/site-packages/balancing_robot-0.0.0-py3.10.egg-info/top_level.txt
/home/mike/ros2_project/install/balancing_robot/lib/python3.10/site-packages/balancing_robot-0.0.0-py3.10.egg-info/PKG-INFO
/home/mike/ros2_project/install/balancing_robot/lib/balancing_robot/controller
/home/mike/ros2_project/install/balancing_robot/lib/balancing_robot/imu_decoder
/home/mike/ros2_project/install/balancing_robot/lib/balancing_robot/regulator
/home/mike/ros2_project/install/balancing_robot/lib/balancing_robot/spawn
/home/mike/ros2_project/install/balancing_robot/lib/balancing_robot/teleop_node
