[0.431s] DEBUG:colcon:Command line arguments: ['/usr/bin/colcon', 'build']
[0.431s] DEBUG:colcon:Parsed command line arguments: Namespace(log_base=None, log_level=None, verb_name='build', build_base='build', install_base='install', merge_install=False, symlink_install=False, test_result_base=None, continue_on_error=False, executor='parallel', parallel_workers=4, event_handlers=None, ignore_user_meta=False, metas=['./colcon.meta'], base_paths=['.'], packages_ignore=None, packages_ignore_regex=None, paths=None, packages_up_to=None, packages_up_to_regex=None, packages_above=None, packages_above_and_dependencies=None, packages_above_depth=None, packages_select_by_dep=None, packages_skip_by_dep=None, packages_skip_up_to=None, packages_select_build_failed=False, packages_skip_build_finished=False, packages_select_test_failures=False, packages_skip_test_passed=False, packages_select=None, packages_skip=None, packages_select_regex=None, packages_skip_regex=None, packages_start=None, packages_end=None, allow_overriding=[], cmake_args=None, cmake_target=None, cmake_target_skip_unavailable=False, cmake_clean_cache=False, cmake_clean_first=False, cmake_force_configure=False, ament_cmake_args=None, catkin_cmake_args=None, catkin_skip_building_tests=False, verb_parser=<colcon_defaults.argument_parser.defaults.DefaultArgumentsDecorator object at 0x7f3133d8acb0>, verb_extension=<colcon_core.verb.build.BuildVerb object at 0x7f3133d8a740>, main=<bound method BuildVerb.main of <colcon_core.verb.build.BuildVerb object at 0x7f3133d8a740>>)
[0.462s] Level 1:colcon.colcon_core.package_discovery:discover_packages(colcon_meta) check parameters
[0.462s] Level 1:colcon.colcon_core.package_discovery:discover_packages(recursive) check parameters
[0.462s] Level 1:colcon.colcon_core.package_discovery:discover_packages(ignore) check parameters
[0.463s] Level 1:colcon.colcon_core.package_discovery:discover_packages(path) check parameters
[0.463s] Level 1:colcon.colcon_core.package_discovery:discover_packages(colcon_meta) discover
[0.463s] Level 1:colcon.colcon_core.package_discovery:discover_packages(recursive) discover
[0.463s] INFO:colcon.colcon_core.package_discovery:Crawling recursively for packages in '/home/mike/ros2_project'
[0.463s] Level 1:colcon.colcon_core.package_identification:_identify(.) by extensions ['ignore', 'ignore_ament_install']
[0.463s] Level 1:colcon.colcon_core.package_identification:_identify(.) by extension 'ignore'
[0.463s] Level 1:colcon.colcon_core.package_identification:_identify(.) by extension 'ignore_ament_install'
[0.463s] Level 1:colcon.colcon_core.package_identification:_identify(.) by extensions ['colcon_pkg']
[0.463s] Level 1:colcon.colcon_core.package_identification:_identify(.) by extension 'colcon_pkg'
[0.464s] Level 1:colcon.colcon_core.package_identification:_identify(.) by extensions ['colcon_meta']
[0.464s] Level 1:colcon.colcon_core.package_identification:_identify(.) by extension 'colcon_meta'
[0.464s] Level 1:colcon.colcon_core.package_identification:_identify(.) by extensions ['ros']
[0.464s] Level 1:colcon.colcon_core.package_identification:_identify(.) by extension 'ros'
[0.478s] Level 1:colcon.colcon_core.package_identification:_identify(.) by extensions ['cmake', 'python']
[0.478s] Level 1:colcon.colcon_core.package_identification:_identify(.) by extension 'cmake'
[0.478s] Level 1:colcon.colcon_core.package_identification:_identify(.) by extension 'python'
[0.478s] Level 1:colcon.colcon_core.package_identification:_identify(.) by extensions ['python_setup_py']
[0.478s] Level 1:colcon.colcon_core.package_identification:_identify(.) by extension 'python_setup_py'
[0.478s] Level 1:colcon.colcon_core.package_identification:_identify(build) by extensions ['ignore', 'ignore_ament_install']
[0.478s] Level 1:colcon.colcon_core.package_identification:_identify(build) by extension 'ignore'
[0.478s] Level 1:colcon.colcon_core.package_identification:_identify(build) ignored
[0.479s] Level 1:colcon.colcon_core.package_identification:_identify(install) by extensions ['ignore', 'ignore_ament_install']
[0.479s] Level 1:colcon.colcon_core.package_identification:_identify(install) by extension 'ignore'
[0.479s] Level 1:colcon.colcon_core.package_identification:_identify(install) ignored
[0.479s] Level 1:colcon.colcon_core.package_identification:_identify(log) by extensions ['ignore', 'ignore_ament_install']
[0.479s] Level 1:colcon.colcon_core.package_identification:_identify(log) by extension 'ignore'
[0.479s] Level 1:colcon.colcon_core.package_identification:_identify(log) ignored
[0.479s] Level 1:colcon.colcon_core.package_identification:_identify(src) by extensions ['ignore', 'ignore_ament_install']
[0.479s] Level 1:colcon.colcon_core.package_identification:_identify(src) by extension 'ignore'
[0.479s] Level 1:colcon.colcon_core.package_identification:_identify(src) by extension 'ignore_ament_install'
[0.480s] Level 1:colcon.colcon_core.package_identification:_identify(src) by extensions ['colcon_pkg']
[0.480s] Level 1:colcon.colcon_core.package_identification:_identify(src) by extension 'colcon_pkg'
[0.480s] Level 1:colcon.colcon_core.package_identification:_identify(src) by extensions ['colcon_meta']
[0.480s] Level 1:colcon.colcon_core.package_identification:_identify(src) by extension 'colcon_meta'
[0.480s] Level 1:colcon.colcon_core.package_identification:_identify(src) by extensions ['ros']
[0.480s] Level 1:colcon.colcon_core.package_identification:_identify(src) by extension 'ros'
[0.480s] Level 1:colcon.colcon_core.package_identification:_identify(src) by extensions ['cmake', 'python']
[0.480s] Level 1:colcon.colcon_core.package_identification:_identify(src) by extension 'cmake'
[0.480s] Level 1:colcon.colcon_core.package_identification:_identify(src) by extension 'python'
[0.480s] Level 1:colcon.colcon_core.package_identification:_identify(src) by extensions ['python_setup_py']
[0.480s] Level 1:colcon.colcon_core.package_identification:_identify(src) by extension 'python_setup_py'
[0.480s] Level 1:colcon.colcon_core.package_identification:_identify(src/balancing_robot) by extensions ['ignore', 'ignore_ament_install']
[0.480s] Level 1:colcon.colcon_core.package_identification:_identify(src/balancing_robot) by extension 'ignore'
[0.480s] Level 1:colcon.colcon_core.package_identification:_identify(src/balancing_robot) by extension 'ignore_ament_install'
[0.481s] Level 1:colcon.colcon_core.package_identification:_identify(src/balancing_robot) by extensions ['colcon_pkg']
[0.481s] Level 1:colcon.colcon_core.package_identification:_identify(src/balancing_robot) by extension 'colcon_pkg'
[0.481s] Level 1:colcon.colcon_core.package_identification:_identify(src/balancing_robot) by extensions ['colcon_meta']
[0.481s] Level 1:colcon.colcon_core.package_identification:_identify(src/balancing_robot) by extension 'colcon_meta'
[0.481s] Level 1:colcon.colcon_core.package_identification:_identify(src/balancing_robot) by extensions ['ros']
[0.481s] Level 1:colcon.colcon_core.package_identification:_identify(src/balancing_robot) by extension 'ros'
[0.485s] DEBUG:colcon.colcon_core.package_identification:Package 'src/balancing_robot' with type 'ros.ament_python' and name 'balancing_robot'
[0.485s] Level 1:colcon.colcon_core.package_discovery:discover_packages(recursive) using defaults
[0.485s] Level 1:colcon.colcon_core.package_discovery:discover_packages(ignore) discover
[0.485s] Level 1:colcon.colcon_core.package_discovery:discover_packages(ignore) using defaults
[0.485s] Level 1:colcon.colcon_core.package_discovery:discover_packages(path) discover
[0.485s] Level 1:colcon.colcon_core.package_discovery:discover_packages(path) using defaults
[0.517s] Level 1:colcon.colcon_core.package_discovery:discover_packages(prefix_path) check parameters
[0.517s] Level 1:colcon.colcon_core.package_discovery:discover_packages(prefix_path) discover
[0.520s] DEBUG:colcon.colcon_installed_package_information.package_discovery:Found 1 installed packages in /home/mike/ros2_project/install
[0.522s] DEBUG:colcon.colcon_installed_package_information.package_discovery:Found 278 installed packages in /opt/ros/humble
[0.524s] Level 1:colcon.colcon_core.package_discovery:discover_packages(prefix_path) using defaults
[0.603s] Level 5:colcon.colcon_core.verb:set package 'balancing_robot' build argument 'cmake_args' from command line to 'None'
[0.603s] Level 5:colcon.colcon_core.verb:set package 'balancing_robot' build argument 'cmake_target' from command line to 'None'
[0.603s] Level 5:colcon.colcon_core.verb:set package 'balancing_robot' build argument 'cmake_target_skip_unavailable' from command line to 'False'
[0.603s] Level 5:colcon.colcon_core.verb:set package 'balancing_robot' build argument 'cmake_clean_cache' from command line to 'False'
[0.603s] Level 5:colcon.colcon_core.verb:set package 'balancing_robot' build argument 'cmake_clean_first' from command line to 'False'
[0.604s] Level 5:colcon.colcon_core.verb:set package 'balancing_robot' build argument 'cmake_force_configure' from command line to 'False'
[0.604s] Level 5:colcon.colcon_core.verb:set package 'balancing_robot' build argument 'ament_cmake_args' from command line to 'None'
[0.604s] Level 5:colcon.colcon_core.verb:set package 'balancing_robot' build argument 'catkin_cmake_args' from command line to 'None'
[0.604s] Level 5:colcon.colcon_core.verb:set package 'balancing_robot' build argument 'catkin_skip_building_tests' from command line to 'False'
[0.604s] DEBUG:colcon.colcon_core.verb:Building package 'balancing_robot' with the following arguments: {'ament_cmake_args': None, 'build_base': '/home/mike/ros2_project/build/balancing_robot', 'catkin_cmake_args': None, 'catkin_skip_building_tests': False, 'cmake_args': None, 'cmake_clean_cache': False, 'cmake_clean_first': False, 'cmake_force_configure': False, 'cmake_target': None, 'cmake_target_skip_unavailable': False, 'install_base': '/home/mike/ros2_project/install/balancing_robot', 'merge_install': False, 'path': '/home/mike/ros2_project/src/balancing_robot', 'symlink_install': False, 'test_result_base': None}
[0.605s] INFO:colcon.colcon_core.executor:Executing jobs using 'parallel' executor
[0.608s] DEBUG:colcon.colcon_parallel_executor.executor.parallel:run_until_complete
[0.609s] INFO:colcon.colcon_ros.task.ament_python.build:Building ROS package in '/home/mike/ros2_project/src/balancing_robot' with build type 'ament_python'
[0.609s] Level 1:colcon.colcon_core.shell:create_environment_hook('balancing_robot', 'ament_prefix_path')
[0.615s] INFO:colcon.colcon_core.plugin_system:Skipping extension 'colcon_core.shell.bat': Not used on non-Windows systems
[0.615s] INFO:colcon.colcon_core.shell:Creating environment hook '/home/mike/ros2_project/install/balancing_robot/share/balancing_robot/hook/ament_prefix_path.ps1'
[0.616s] INFO:colcon.colcon_core.shell:Creating environment descriptor '/home/mike/ros2_project/install/balancing_robot/share/balancing_robot/hook/ament_prefix_path.dsv'
[0.616s] INFO:colcon.colcon_core.shell:Creating environment hook '/home/mike/ros2_project/install/balancing_robot/share/balancing_robot/hook/ament_prefix_path.sh'
[0.619s] INFO:colcon.colcon_core.shell:Skip shell extension 'powershell' for command environment: Not usable outside of PowerShell
[0.619s] DEBUG:colcon.colcon_core.shell:Skip shell extension 'dsv' for command environment
[0.970s] INFO:colcon.colcon_core.task.python.build:Building Python package in '/home/mike/ros2_project/src/balancing_robot'
[0.971s] INFO:colcon.colcon_core.shell:Skip shell extension 'powershell' for command environment: Not usable outside of PowerShell
[0.971s] DEBUG:colcon.colcon_core.shell:Skip shell extension 'dsv' for command environment
[1.445s] DEBUG:colcon.colcon_core.event_handler.log_command:Invoking command in '/home/mike/ros2_project/src/balancing_robot': PYTHONPATH=/home/mike/ros2_project/build/balancing_robot/prefix_override:/home/mike/ros2_project/install/balancing_robot/lib/python3.10/site-packages:${PYTHONPATH} /usr/bin/python3 setup.py egg_info --egg-base ../../build/balancing_robot build --build-base /home/mike/ros2_project/build/balancing_robot/build install --record /home/mike/ros2_project/build/balancing_robot/install.log --single-version-externally-managed
[1.835s] DEBUG:colcon.colcon_core.event_handler.log_command:Invoked command in '/home/mike/ros2_project/src/balancing_robot' returned '0': PYTHONPATH=/home/mike/ros2_project/build/balancing_robot/prefix_override:/home/mike/ros2_project/install/balancing_robot/lib/python3.10/site-packages:${PYTHONPATH} /usr/bin/python3 setup.py egg_info --egg-base ../../build/balancing_robot build --build-base /home/mike/ros2_project/build/balancing_robot/build install --record /home/mike/ros2_project/build/balancing_robot/install.log --single-version-externally-managed
[1.840s] Level 1:colcon.colcon_core.environment:checking '/home/mike/ros2_project/install/balancing_robot' for CMake module files
[1.841s] Level 1:colcon.colcon_core.environment:checking '/home/mike/ros2_project/install/balancing_robot' for CMake config files
[1.842s] Level 1:colcon.colcon_core.environment:checking '/home/mike/ros2_project/install/balancing_robot/lib'
[1.843s] Level 1:colcon.colcon_core.environment:checking '/home/mike/ros2_project/install/balancing_robot/bin'
[1.843s] Level 1:colcon.colcon_core.environment:checking '/home/mike/ros2_project/install/balancing_robot/lib/pkgconfig/balancing_robot.pc'
[1.843s] Level 1:colcon.colcon_core.environment:checking '/home/mike/ros2_project/install/balancing_robot/lib/python3.10/site-packages'
[1.843s] Level 1:colcon.colcon_core.shell:create_environment_hook('balancing_robot', 'pythonpath')
[1.845s] INFO:colcon.colcon_core.shell:Creating environment hook '/home/mike/ros2_project/install/balancing_robot/share/balancing_robot/hook/pythonpath.ps1'
[1.846s] INFO:colcon.colcon_core.shell:Creating environment descriptor '/home/mike/ros2_project/install/balancing_robot/share/balancing_robot/hook/pythonpath.dsv'
[1.846s] INFO:colcon.colcon_core.shell:Creating environment hook '/home/mike/ros2_project/install/balancing_robot/share/balancing_robot/hook/pythonpath.sh'
[1.847s] Level 1:colcon.colcon_core.environment:checking '/home/mike/ros2_project/install/balancing_robot/bin'
[1.847s] Level 1:colcon.colcon_core.environment:create_environment_scripts_only(balancing_robot)
[1.849s] INFO:colcon.colcon_core.shell:Creating package script '/home/mike/ros2_project/install/balancing_robot/share/balancing_robot/package.ps1'
[1.850s] INFO:colcon.colcon_core.shell:Creating package descriptor '/home/mike/ros2_project/install/balancing_robot/share/balancing_robot/package.dsv'
[1.851s] INFO:colcon.colcon_core.shell:Creating package script '/home/mike/ros2_project/install/balancing_robot/share/balancing_robot/package.sh'
[1.852s] INFO:colcon.colcon_core.shell:Creating package script '/home/mike/ros2_project/install/balancing_robot/share/balancing_robot/package.bash'
[1.853s] INFO:colcon.colcon_core.shell:Creating package script '/home/mike/ros2_project/install/balancing_robot/share/balancing_robot/package.zsh'
[1.854s] Level 1:colcon.colcon_core.environment:create_file_with_runtime_dependencies(/home/mike/ros2_project/install/balancing_robot/share/colcon-core/packages/balancing_robot)
[1.854s] DEBUG:colcon.colcon_parallel_executor.executor.parallel:closing loop
[1.855s] DEBUG:colcon.colcon_parallel_executor.executor.parallel:loop closed
[1.855s] DEBUG:colcon.colcon_parallel_executor.executor.parallel:run_until_complete finished with '0'
[1.855s] DEBUG:colcon.colcon_core.event_reactor:joining thread
[1.862s] INFO:colcon.colcon_core.plugin_system:Skipping extension 'colcon_notification.desktop_notification.terminal_notifier': Not used on non-Darwin systems
[1.862s] INFO:colcon.colcon_core.plugin_system:Skipping extension 'colcon_notification.desktop_notification.win32': Not used on non-Windows systems
[1.862s] INFO:colcon.colcon_notification.desktop_notification:Sending desktop notification using 'notify2'
[1.878s] DEBUG:colcon.colcon_core.event_reactor:joined thread
[1.880s] INFO:colcon.colcon_core.shell:Creating prefix script '/home/mike/ros2_project/install/local_setup.ps1'
[1.883s] INFO:colcon.colcon_core.shell:Creating prefix util module '/home/mike/ros2_project/install/_local_setup_util_ps1.py'
[1.886s] INFO:colcon.colcon_core.shell:Creating prefix chain script '/home/mike/ros2_project/install/setup.ps1'
[1.887s] INFO:colcon.colcon_core.shell:Creating prefix script '/home/mike/ros2_project/install/local_setup.sh'
[1.888s] INFO:colcon.colcon_core.shell:Creating prefix util module '/home/mike/ros2_project/install/_local_setup_util_sh.py'
[1.889s] INFO:colcon.colcon_core.shell:Creating prefix chain script '/home/mike/ros2_project/install/setup.sh'
[1.892s] INFO:colcon.colcon_core.shell:Creating prefix script '/home/mike/ros2_project/install/local_setup.bash'
[1.894s] INFO:colcon.colcon_core.shell:Creating prefix chain script '/home/mike/ros2_project/install/setup.bash'
[1.896s] INFO:colcon.colcon_core.shell:Creating prefix script '/home/mike/ros2_project/install/local_setup.zsh'
[1.897s] INFO:colcon.colcon_core.shell:Creating prefix chain script '/home/mike/ros2_project/install/setup.zsh'
