[3.584s] Invoking command in '/home/mike/ros2_project/src/balancing_robot': PYTHONPATH=/home/mike/ros2_project/build/balancing_robot/prefix_override:/home/mike/ros2_project/install/balancing_robot/lib/python3.10/site-packages:${PYTHONPATH} /usr/bin/python3 setup.py egg_info --egg-base ../../build/balancing_robot build --build-base /home/mike/ros2_project/build/balancing_robot/build install --record /home/mike/ros2_project/build/balancing_robot/install.log --single-version-externally-managed
[5.141s] running egg_info
[5.145s] writing ../../build/balancing_robot/balancing_robot.egg-info/PKG-INFO
[5.146s] writing dependency_links to ../../build/balancing_robot/balancing_robot.egg-info/dependency_links.txt
[5.147s] writing entry points to ../../build/balancing_robot/balancing_robot.egg-info/entry_points.txt
[5.148s] writing requirements to ../../build/balancing_robot/balancing_robot.egg-info/requires.txt
[5.148s] writing top-level names to ../../build/balancing_robot/balancing_robot.egg-info/top_level.txt
[5.162s] reading manifest file '../../build/balancing_robot/balancing_robot.egg-info/SOURCES.txt'
[5.169s] writing manifest file '../../build/balancing_robot/balancing_robot.egg-info/SOURCES.txt'
[5.170s] running build
[5.170s] running build_py
[5.177s] running install
[5.178s] running install_lib
[5.184s] running install_data
[5.188s] copying launch/balancing_robot.launch.py -> /home/mike/ros2_project/install/balancing_robot/share/balancing_robot/launch
[5.189s] running install_egg_info
[5.198s] removing '/home/mike/ros2_project/install/balancing_robot/lib/python3.10/site-packages/balancing_robot-0.0.0-py3.10.egg-info' (and everything under it)
[5.199s] Copying ../../build/balancing_robot/balancing_robot.egg-info to /home/mike/ros2_project/install/balancing_robot/lib/python3.10/site-packages/balancing_robot-0.0.0-py3.10.egg-info
[5.206s] running install_scripts
[5.321s] Installing controller script to /home/mike/ros2_project/install/balancing_robot/lib/balancing_robot
[5.322s] Installing imu_decoder script to /home/mike/ros2_project/install/balancing_robot/lib/balancing_robot
[5.323s] Installing regulator script to /home/mike/ros2_project/install/balancing_robot/lib/balancing_robot
[5.324s] Installing spawn script to /home/mike/ros2_project/install/balancing_robot/lib/balancing_robot
[5.324s] Installing teleop_node script to /home/mike/ros2_project/install/balancing_robot/lib/balancing_robot
[5.326s] writing list of installed files to '/home/mike/ros2_project/build/balancing_robot/install.log'
[5.468s] Invoked command in '/home/mike/ros2_project/src/balancing_robot' returned '0': PYTHONPATH=/home/mike/ros2_project/build/balancing_robot/prefix_override:/home/mike/ros2_project/install/balancing_robot/lib/python3.10/site-packages:${PYTHONPATH} /usr/bin/python3 setup.py egg_info --egg-base ../../build/balancing_robot build --build-base /home/mike/ros2_project/build/balancing_robot/build install --record /home/mike/ros2_project/build/balancing_robot/install.log --single-version-externally-managed
