[1.001s] Invoking command in '/home/mike/ros2_project/src/balancing_robot': PYTHONPATH=/home/mike/ros2_project/build/balancing_robot/prefix_override:/home/mike/ros2_project/install/balancing_robot/lib/python3.10/site-packages:${PYTHONPATH} /usr/bin/python3 setup.py egg_info --egg-base ../../build/balancing_robot build --build-base /home/mike/ros2_project/build/balancing_robot/build install --record /home/mike/ros2_project/build/balancing_robot/install.log --single-version-externally-managed
[1.358s] running egg_info
[1.359s] writing ../../build/balancing_robot/balancing_robot.egg-info/PKG-INFO
[1.360s] writing dependency_links to ../../build/balancing_robot/balancing_robot.egg-info/dependency_links.txt
[1.360s] writing entry points to ../../build/balancing_robot/balancing_robot.egg-info/entry_points.txt
[1.360s] writing requirements to ../../build/balancing_robot/balancing_robot.egg-info/requires.txt
[1.360s] writing top-level names to ../../build/balancing_robot/balancing_robot.egg-info/top_level.txt
[1.363s] reading manifest file '../../build/balancing_robot/balancing_robot.egg-info/SOURCES.txt'
[1.366s] writing manifest file '../../build/balancing_robot/balancing_robot.egg-info/SOURCES.txt'
[1.366s] running build
[1.366s] running build_py
[1.366s] running install
[1.367s] running install_lib
[1.368s] running install_data
[1.369s] copying sdf/balancing_robot.sdf -> /home/mike/ros2_project/install/balancing_robot/share/balancing_robot/sdf
[1.370s] running install_egg_info
[1.372s] removing '/home/mike/ros2_project/install/balancing_robot/lib/python3.10/site-packages/balancing_robot-0.0.0-py3.10.egg-info' (and everything under it)
[1.372s] Copying ../../build/balancing_robot/balancing_robot.egg-info to /home/mike/ros2_project/install/balancing_robot/lib/python3.10/site-packages/balancing_robot-0.0.0-py3.10.egg-info
[1.374s] running install_scripts
[1.399s] Installing spawn script to /home/mike/ros2_project/install/balancing_robot/lib/balancing_robot
[1.400s] writing list of installed files to '/home/mike/ros2_project/build/balancing_robot/install.log'
[1.439s] Invoked command in '/home/mike/ros2_project/src/balancing_robot' returned '0': PYTHONPATH=/home/mike/ros2_project/build/balancing_robot/prefix_override:/home/mike/ros2_project/install/balancing_robot/lib/python3.10/site-packages:${PYTHONPATH} /usr/bin/python3 setup.py egg_info --egg-base ../../build/balancing_robot build --build-base /home/mike/ros2_project/build/balancing_robot/build install --record /home/mike/ros2_project/build/balancing_robot/install.log --single-version-externally-managed
