[0.966s] Invoking command in '/home/mike/ros2_project/src/balancing_robot': PYTHONPATH=/home/mike/ros2_project/build/balancing_robot/prefix_override:/home/mike/ros2_project/install/balancing_robot/lib/python3.10/site-packages:${PYTHONPATH} /usr/bin/python3 setup.py egg_info --egg-base ../../build/balancing_robot build --build-base /home/mike/ros2_project/build/balancing_robot/build install --record /home/mike/ros2_project/build/balancing_robot/install.log --single-version-externally-managed
[1.325s] running egg_info
[1.326s] writing ../../build/balancing_robot/balancing_robot.egg-info/PKG-INFO
[1.330s] writing dependency_links to ../../build/balancing_robot/balancing_robot.egg-info/dependency_links.txt
[1.331s] writing entry points to ../../build/balancing_robot/balancing_robot.egg-info/entry_points.txt
[1.331s] writing requirements to ../../build/balancing_robot/balancing_robot.egg-info/requires.txt
[1.331s] writing top-level names to ../../build/balancing_robot/balancing_robot.egg-info/top_level.txt
[1.335s] reading manifest file '../../build/balancing_robot/balancing_robot.egg-info/SOURCES.txt'
[1.337s] writing manifest file '../../build/balancing_robot/balancing_robot.egg-info/SOURCES.txt'
[1.337s] running build
[1.337s] running build_py
[1.337s] copying balancing_robot/regulator.py -> /home/mike/ros2_project/build/balancing_robot/build/lib/balancing_robot
[1.338s] copying balancing_robot/spawn.py -> /home/mike/ros2_project/build/balancing_robot/build/lib/balancing_robot
[1.338s] running install
[1.339s] running install_lib
[1.340s] copying /home/mike/ros2_project/build/balancing_robot/build/lib/balancing_robot/regulator.py -> /home/mike/ros2_project/install/balancing_robot/lib/python3.10/site-packages/balancing_robot
[1.340s] copying /home/mike/ros2_project/build/balancing_robot/build/lib/balancing_robot/spawn.py -> /home/mike/ros2_project/install/balancing_robot/lib/python3.10/site-packages/balancing_robot
[1.342s] byte-compiling /home/mike/ros2_project/install/balancing_robot/lib/python3.10/site-packages/balancing_robot/regulator.py to regulator.cpython-310.pyc
[1.342s] byte-compiling /home/mike/ros2_project/install/balancing_robot/lib/python3.10/site-packages/balancing_robot/spawn.py to spawn.cpython-310.pyc
[1.343s] running install_data
[1.345s] copying launch/balancing_robot.launch.py -> /home/mike/ros2_project/install/balancing_robot/share/balancing_robot/launch
[1.345s] running install_egg_info
[1.347s] removing '/home/mike/ros2_project/install/balancing_robot/lib/python3.10/site-packages/balancing_robot-0.0.0-py3.10.egg-info' (and everything under it)
[1.348s] Copying ../../build/balancing_robot/balancing_robot.egg-info to /home/mike/ros2_project/install/balancing_robot/lib/python3.10/site-packages/balancing_robot-0.0.0-py3.10.egg-info
[1.349s] running install_scripts
[1.375s] Installing regulator script to /home/mike/ros2_project/install/balancing_robot/lib/balancing_robot
[1.376s] Installing spawn script to /home/mike/ros2_project/install/balancing_robot/lib/balancing_robot
[1.376s] writing list of installed files to '/home/mike/ros2_project/build/balancing_robot/install.log'
[1.411s] Invoked command in '/home/mike/ros2_project/src/balancing_robot' returned '0': PYTHONPATH=/home/mike/ros2_project/build/balancing_robot/prefix_override:/home/mike/ros2_project/install/balancing_robot/lib/python3.10/site-packages:${PYTHONPATH} /usr/bin/python3 setup.py egg_info --egg-base ../../build/balancing_robot build --build-base /home/mike/ros2_project/build/balancing_robot/build install --record /home/mike/ros2_project/build/balancing_robot/install.log --single-version-externally-managed
