[0.930s] Invoking command in '/home/mike/ros2_project/src/balancing_robot': PYTHONPATH=/home/mike/ros2_project/build/balancing_robot/prefix_override:/home/mike/ros2_project/install/balancing_robot/lib/python3.10/site-packages:${PYTHONPATH} /usr/bin/python3 setup.py egg_info --egg-base ../../build/balancing_robot build --build-base /home/mike/ros2_project/build/balancing_robot/build install --record /home/mike/ros2_project/build/balancing_robot/install.log --single-version-externally-managed
[1.382s] running egg_info
[1.383s] writing ../../build/balancing_robot/balancing_robot.egg-info/PKG-INFO
[1.383s] writing dependency_links to ../../build/balancing_robot/balancing_robot.egg-info/dependency_links.txt
[1.383s] writing entry points to ../../build/balancing_robot/balancing_robot.egg-info/entry_points.txt
[1.384s] writing requirements to ../../build/balancing_robot/balancing_robot.egg-info/requires.txt
[1.384s] writing top-level names to ../../build/balancing_robot/balancing_robot.egg-info/top_level.txt
[1.386s] reading manifest file '../../build/balancing_robot/balancing_robot.egg-info/SOURCES.txt'
[1.387s] writing manifest file '../../build/balancing_robot/balancing_robot.egg-info/SOURCES.txt'
[1.387s] running build
[1.388s] running build_py
[1.388s] running install
[1.389s] running install_lib
[1.390s] running install_data
[1.391s] running install_egg_info
[1.394s] removing '/home/mike/ros2_project/install/balancing_robot/lib/python3.10/site-packages/balancing_robot-0.0.0-py3.10.egg-info' (and everything under it)
[1.394s] Copying ../../build/balancing_robot/balancing_robot.egg-info to /home/mike/ros2_project/install/balancing_robot/lib/python3.10/site-packages/balancing_robot-0.0.0-py3.10.egg-info
[1.395s] running install_scripts
[1.420s] Installing regulator script to /home/mike/ros2_project/install/balancing_robot/lib/balancing_robot
[1.421s] Installing spawn script to /home/mike/ros2_project/install/balancing_robot/lib/balancing_robot
[1.421s] writing list of installed files to '/home/mike/ros2_project/build/balancing_robot/install.log'
[1.460s] Invoked command in '/home/mike/ros2_project/src/balancing_robot' returned '0': PYTHONPATH=/home/mike/ros2_project/build/balancing_robot/prefix_override:/home/mike/ros2_project/install/balancing_robot/lib/python3.10/site-packages:${PYTHONPATH} /usr/bin/python3 setup.py egg_info --egg-base ../../build/balancing_robot build --build-base /home/mike/ros2_project/build/balancing_robot/build install --record /home/mike/ros2_project/build/balancing_robot/install.log --single-version-externally-managed
