[1.196s] Invoking command in '/home/mike/ros2_project/src/balancing_robot': PYTHONPATH=/home/mike/ros2_project/build/balancing_robot/prefix_override:/home/mike/ros2_project/install/balancing_robot/lib/python3.10/site-packages:${PYTHONPATH} /usr/bin/python3 setup.py egg_info --egg-base ../../build/balancing_robot build --build-base /home/mike/ros2_project/build/balancing_robot/build install --record /home/mike/ros2_project/build/balancing_robot/install.log --single-version-externally-managed
[1.654s] running egg_info
[1.655s] writing ../../build/balancing_robot/balancing_robot.egg-info/PKG-INFO
[1.655s] writing dependency_links to ../../build/balancing_robot/balancing_robot.egg-info/dependency_links.txt
[1.655s] writing entry points to ../../build/balancing_robot/balancing_robot.egg-info/entry_points.txt
[1.656s] writing requirements to ../../build/balancing_robot/balancing_robot.egg-info/requires.txt
[1.656s] writing top-level names to ../../build/balancing_robot/balancing_robot.egg-info/top_level.txt
[1.660s] reading manifest file '../../build/balancing_robot/balancing_robot.egg-info/SOURCES.txt'
[1.661s] writing manifest file '../../build/balancing_robot/balancing_robot.egg-info/SOURCES.txt'
[1.662s] running build
[1.662s] running build_py
[1.663s] running install
[1.663s] running install_lib
[1.665s] running install_data
[1.666s] copying launch/balancing_robot.launch.py -> /home/mike/ros2_project/install/balancing_robot/share/balancing_robot/launch
[1.666s] running install_egg_info
[1.669s] removing '/home/mike/ros2_project/install/balancing_robot/lib/python3.10/site-packages/balancing_robot-0.0.0-py3.10.egg-info' (and everything under it)
[1.670s] Copying ../../build/balancing_robot/balancing_robot.egg-info to /home/mike/ros2_project/install/balancing_robot/lib/python3.10/site-packages/balancing_robot-0.0.0-py3.10.egg-info
[1.671s] running install_scripts
[1.698s] Installing controller script to /home/mike/ros2_project/install/balancing_robot/lib/balancing_robot
[1.699s] Installing imu_decoder script to /home/mike/ros2_project/install/balancing_robot/lib/balancing_robot
[1.699s] Installing regulator script to /home/mike/ros2_project/install/balancing_robot/lib/balancing_robot
[1.699s] Installing spawn script to /home/mike/ros2_project/install/balancing_robot/lib/balancing_robot
[1.699s] Installing teleop_node script to /home/mike/ros2_project/install/balancing_robot/lib/balancing_robot
[1.700s] writing list of installed files to '/home/mike/ros2_project/build/balancing_robot/install.log'
[1.741s] Invoked command in '/home/mike/ros2_project/src/balancing_robot' returned '0': PYTHONPATH=/home/mike/ros2_project/build/balancing_robot/prefix_override:/home/mike/ros2_project/install/balancing_robot/lib/python3.10/site-packages:${PYTHONPATH} /usr/bin/python3 setup.py egg_info --egg-base ../../build/balancing_robot build --build-base /home/mike/ros2_project/build/balancing_robot/build install --record /home/mike/ros2_project/build/balancing_robot/install.log --single-version-externally-managed
