[0.788s] DEBUG:colcon:Command line arguments: ['/usr/bin/colcon', 'build']
[0.788s] DEBUG:colcon:Parsed command line arguments: Namespace(log_base=None, log_level=None, verb_name='build', build_base='build', install_base='install', merge_install=False, symlink_install=False, test_result_base=None, continue_on_error=False, executor='parallel', parallel_workers=4, event_handlers=None, ignore_user_meta=False, metas=['./colcon.meta'], base_paths=['.'], packages_ignore=None, packages_ignore_regex=None, paths=None, packages_up_to=None, packages_up_to_regex=None, packages_above=None, packages_above_and_dependencies=None, packages_above_depth=None, packages_select_by_dep=None, packages_skip_by_dep=None, packages_skip_up_to=None, packages_select_build_failed=False, packages_skip_build_finished=False, packages_select_test_failures=False, packages_skip_test_passed=False, packages_select=None, packages_skip=None, packages_select_regex=None, packages_skip_regex=None, packages_start=None, packages_end=None, allow_overriding=[], cmake_args=None, cmake_target=None, cmake_target_skip_unavailable=False, cmake_clean_cache=False, cmake_clean_first=False, cmake_force_configure=False, ament_cmake_args=None, catkin_cmake_args=None, catkin_skip_building_tests=False, verb_parser=<colcon_defaults.argument_parser.defaults.DefaultArgumentsDecorator object at 0x7fa99483c100>, verb_extension=<colcon_core.verb.build.BuildVerb object at 0x7fa99480bb50>, main=<bound method BuildVerb.main of <colcon_core.verb.build.BuildVerb object at 0x7fa99480bb50>>)
[0.840s] Level 1:colcon.colcon_core.package_discovery:discover_packages(colcon_meta) check parameters
[0.840s] Level 1:colcon.colcon_core.package_discovery:discover_packages(recursive) check parameters
[0.840s] Level 1:colcon.colcon_core.package_discovery:discover_packages(ignore) check parameters
[0.840s] Level 1:colcon.colcon_core.package_discovery:discover_packages(path) check parameters
[0.840s] Level 1:colcon.colcon_core.package_discovery:discover_packages(colcon_meta) discover
[0.840s] Level 1:colcon.colcon_core.package_discovery:discover_packages(recursive) discover
[0.841s] INFO:colcon.colcon_core.package_discovery:Crawling recursively for packages in '/home/mike/ros2_project'
[0.841s] Level 1:colcon.colcon_core.package_identification:_identify(.) by extensions ['ignore', 'ignore_ament_install']
[0.841s] Level 1:colcon.colcon_core.package_identification:_identify(.) by extension 'ignore'
[0.841s] Level 1:colcon.colcon_core.package_identification:_identify(.) by extension 'ignore_ament_install'
[0.841s] Level 1:colcon.colcon_core.package_identification:_identify(.) by extensions ['colcon_pkg']
[0.841s] Level 1:colcon.colcon_core.package_identification:_identify(.) by extension 'colcon_pkg'
[0.841s] Level 1:colcon.colcon_core.package_identification:_identify(.) by extensions ['colcon_meta']
[0.841s] Level 1:colcon.colcon_core.package_identification:_identify(.) by extension 'colcon_meta'
[0.842s] Level 1:colcon.colcon_core.package_identification:_identify(.) by extensions ['ros']
[0.842s] Level 1:colcon.colcon_core.package_identification:_identify(.) by extension 'ros'
[0.859s] Level 1:colcon.colcon_core.package_identification:_identify(.) by extensions ['cmake', 'python']
[0.859s] Level 1:colcon.colcon_core.package_identification:_identify(.) by extension 'cmake'
[0.859s] Level 1:colcon.colcon_core.package_identification:_identify(.) by extension 'python'
[0.859s] Level 1:colcon.colcon_core.package_identification:_identify(.) by extensions ['python_setup_py']
[0.859s] Level 1:colcon.colcon_core.package_identification:_identify(.) by extension 'python_setup_py'
[0.860s] Level 1:colcon.colcon_core.package_identification:_identify(build) by extensions ['ignore', 'ignore_ament_install']
[0.860s] Level 1:colcon.colcon_core.package_identification:_identify(build) by extension 'ignore'
[0.860s] Level 1:colcon.colcon_core.package_identification:_identify(build) ignored
[0.860s] Level 1:colcon.colcon_core.package_identification:_identify(install) by extensions ['ignore', 'ignore_ament_install']
[0.860s] Level 1:colcon.colcon_core.package_identification:_identify(install) by extension 'ignore'
[0.861s] Level 1:colcon.colcon_core.package_identification:_identify(install) ignored
[0.861s] Level 1:colcon.colcon_core.package_identification:_identify(log) by extensions ['ignore', 'ignore_ament_install']
[0.861s] Level 1:colcon.colcon_core.package_identification:_identify(log) by extension 'ignore'
[0.861s] Level 1:colcon.colcon_core.package_identification:_identify(log) ignored
[0.862s] Level 1:colcon.colcon_core.package_identification:_identify(src) by extensions ['ignore', 'ignore_ament_install']
[0.862s] Level 1:colcon.colcon_core.package_identification:_identify(src) by extension 'ignore'
[0.862s] Level 1:colcon.colcon_core.package_identification:_identify(src) by extension 'ignore_ament_install'
[0.862s] Level 1:colcon.colcon_core.package_identification:_identify(src) by extensions ['colcon_pkg']
[0.862s] Level 1:colcon.colcon_core.package_identification:_identify(src) by extension 'colcon_pkg'
[0.862s] Level 1:colcon.colcon_core.package_identification:_identify(src) by extensions ['colcon_meta']
[0.862s] Level 1:colcon.colcon_core.package_identification:_identify(src) by extension 'colcon_meta'
[0.862s] Level 1:colcon.colcon_core.package_identification:_identify(src) by extensions ['ros']
[0.862s] Level 1:colcon.colcon_core.package_identification:_identify(src) by extension 'ros'
[0.863s] Level 1:colcon.colcon_core.package_identification:_identify(src) by extensions ['cmake', 'python']
[0.863s] Level 1:colcon.colcon_core.package_identification:_identify(src) by extension 'cmake'
[0.863s] Level 1:colcon.colcon_core.package_identification:_identify(src) by extension 'python'
[0.863s] Level 1:colcon.colcon_core.package_identification:_identify(src) by extensions ['python_setup_py']
[0.863s] Level 1:colcon.colcon_core.package_identification:_identify(src) by extension 'python_setup_py'
[0.863s] Level 1:colcon.colcon_core.package_identification:_identify(src/balancing_robot) by extensions ['ignore', 'ignore_ament_install']
[0.863s] Level 1:colcon.colcon_core.package_identification:_identify(src/balancing_robot) by extension 'ignore'
[0.864s] Level 1:colcon.colcon_core.package_identification:_identify(src/balancing_robot) by extension 'ignore_ament_install'
[0.864s] Level 1:colcon.colcon_core.package_identification:_identify(src/balancing_robot) by extensions ['colcon_pkg']
[0.864s] Level 1:colcon.colcon_core.package_identification:_identify(src/balancing_robot) by extension 'colcon_pkg'
[0.864s] Level 1:colcon.colcon_core.package_identification:_identify(src/balancing_robot) by extensions ['colcon_meta']
[0.864s] Level 1:colcon.colcon_core.package_identification:_identify(src/balancing_robot) by extension 'colcon_meta'
[0.864s] Level 1:colcon.colcon_core.package_identification:_identify(src/balancing_robot) by extensions ['ros']
[0.864s] Level 1:colcon.colcon_core.package_identification:_identify(src/balancing_robot) by extension 'ros'
[0.868s] DEBUG:colcon.colcon_core.package_identification:Package 'src/balancing_robot' with type 'ros.ament_python' and name 'balancing_robot'
[0.868s] Level 1:colcon.colcon_core.package_discovery:discover_packages(recursive) using defaults
[0.868s] Level 1:colcon.colcon_core.package_discovery:discover_packages(ignore) discover
[0.868s] Level 1:colcon.colcon_core.package_discovery:discover_packages(ignore) using defaults
[0.868s] Level 1:colcon.colcon_core.package_discovery:discover_packages(path) discover
[0.869s] Level 1:colcon.colcon_core.package_discovery:discover_packages(path) using defaults
[0.907s] Level 1:colcon.colcon_core.package_discovery:discover_packages(prefix_path) check parameters
[0.908s] Level 1:colcon.colcon_core.package_discovery:discover_packages(prefix_path) discover
[0.914s] DEBUG:colcon.colcon_installed_package_information.package_discovery:Found 1 installed packages in /home/mike/ros2_project/install
[0.918s] DEBUG:colcon.colcon_installed_package_information.package_discovery:Found 278 installed packages in /opt/ros/humble
[0.919s] Level 1:colcon.colcon_core.package_discovery:discover_packages(prefix_path) using defaults
[1.042s] Level 5:colcon.colcon_core.verb:set package 'balancing_robot' build argument 'cmake_args' from command line to 'None'
[1.042s] Level 5:colcon.colcon_core.verb:set package 'balancing_robot' build argument 'cmake_target' from command line to 'None'
[1.042s] Level 5:colcon.colcon_core.verb:set package 'balancing_robot' build argument 'cmake_target_skip_unavailable' from command line to 'False'
[1.042s] Level 5:colcon.colcon_core.verb:set package 'balancing_robot' build argument 'cmake_clean_cache' from command line to 'False'
[1.042s] Level 5:colcon.colcon_core.verb:set package 'balancing_robot' build argument 'cmake_clean_first' from command line to 'False'
[1.042s] Level 5:colcon.colcon_core.verb:set package 'balancing_robot' build argument 'cmake_force_configure' from command line to 'False'
[1.042s] Level 5:colcon.colcon_core.verb:set package 'balancing_robot' build argument 'ament_cmake_args' from command line to 'None'
[1.043s] Level 5:colcon.colcon_core.verb:set package 'balancing_robot' build argument 'catkin_cmake_args' from command line to 'None'
[1.043s] Level 5:colcon.colcon_core.verb:set package 'balancing_robot' build argument 'catkin_skip_building_tests' from command line to 'False'
[1.043s] DEBUG:colcon.colcon_core.verb:Building package 'balancing_robot' with the following arguments: {'ament_cmake_args': None, 'build_base': '/home/mike/ros2_project/build/balancing_robot', 'catkin_cmake_args': None, 'catkin_skip_building_tests': False, 'cmake_args': None, 'cmake_clean_cache': False, 'cmake_clean_first': False, 'cmake_force_configure': False, 'cmake_target': None, 'cmake_target_skip_unavailable': False, 'install_base': '/home/mike/ros2_project/install/balancing_robot', 'merge_install': False, 'path': '/home/mike/ros2_project/src/balancing_robot', 'symlink_install': False, 'test_result_base': None}
[1.044s] INFO:colcon.colcon_core.executor:Executing jobs using 'parallel' executor
[1.049s] DEBUG:colcon.colcon_parallel_executor.executor.parallel:run_until_complete
[1.050s] INFO:colcon.colcon_ros.task.ament_python.build:Building ROS package in '/home/mike/ros2_project/src/balancing_robot' with build type 'ament_python'
[1.050s] Level 1:colcon.colcon_core.shell:create_environment_hook('balancing_robot', 'ament_prefix_path')
[1.060s] INFO:colcon.colcon_core.plugin_system:Skipping extension 'colcon_core.shell.bat': Not used on non-Windows systems
[1.060s] INFO:colcon.colcon_core.shell:Creating environment hook '/home/mike/ros2_project/install/balancing_robot/share/balancing_robot/hook/ament_prefix_path.ps1'
[1.061s] INFO:colcon.colcon_core.shell:Creating environment descriptor '/home/mike/ros2_project/install/balancing_robot/share/balancing_robot/hook/ament_prefix_path.dsv'
[1.062s] INFO:colcon.colcon_core.shell:Creating environment hook '/home/mike/ros2_project/install/balancing_robot/share/balancing_robot/hook/ament_prefix_path.sh'
[1.065s] INFO:colcon.colcon_core.shell:Skip shell extension 'powershell' for command environment: Not usable outside of PowerShell
[1.065s] DEBUG:colcon.colcon_core.shell:Skip shell extension 'dsv' for command environment
[1.604s] INFO:colcon.colcon_core.task.python.build:Building Python package in '/home/mike/ros2_project/src/balancing_robot'
[1.606s] INFO:colcon.colcon_core.shell:Skip shell extension 'powershell' for command environment: Not usable outside of PowerShell
[1.607s] DEBUG:colcon.colcon_core.shell:Skip shell extension 'dsv' for command environment
[2.272s] DEBUG:colcon.colcon_core.event_handler.log_command:Invoking command in '/home/mike/ros2_project/src/balancing_robot': PYTHONPATH=/home/mike/ros2_project/build/balancing_robot/prefix_override:/home/mike/ros2_project/install/balancing_robot/lib/python3.10/site-packages:${PYTHONPATH} /usr/bin/python3 setup.py egg_info --egg-base ../../build/balancing_robot build --build-base /home/mike/ros2_project/build/balancing_robot/build install --record /home/mike/ros2_project/build/balancing_robot/install.log --single-version-externally-managed
[2.830s] DEBUG:colcon.colcon_core.event_handler.log_command:Invoked command in '/home/mike/ros2_project/src/balancing_robot' returned '0': PYTHONPATH=/home/mike/ros2_project/build/balancing_robot/prefix_override:/home/mike/ros2_project/install/balancing_robot/lib/python3.10/site-packages:${PYTHONPATH} /usr/bin/python3 setup.py egg_info --egg-base ../../build/balancing_robot build --build-base /home/mike/ros2_project/build/balancing_robot/build install --record /home/mike/ros2_project/build/balancing_robot/install.log --single-version-externally-managed
[2.838s] Level 1:colcon.colcon_core.environment:checking '/home/mike/ros2_project/install/balancing_robot' for CMake module files
[2.839s] Level 1:colcon.colcon_core.environment:checking '/home/mike/ros2_project/install/balancing_robot' for CMake config files
[2.841s] Level 1:colcon.colcon_core.environment:checking '/home/mike/ros2_project/install/balancing_robot/lib'
[2.842s] Level 1:colcon.colcon_core.environment:checking '/home/mike/ros2_project/install/balancing_robot/bin'
[2.842s] Level 1:colcon.colcon_core.environment:checking '/home/mike/ros2_project/install/balancing_robot/lib/pkgconfig/balancing_robot.pc'
[2.842s] Level 1:colcon.colcon_core.environment:checking '/home/mike/ros2_project/install/balancing_robot/lib/python3.10/site-packages'
[2.842s] Level 1:colcon.colcon_core.shell:create_environment_hook('balancing_robot', 'pythonpath')
[2.844s] INFO:colcon.colcon_core.shell:Creating environment hook '/home/mike/ros2_project/install/balancing_robot/share/balancing_robot/hook/pythonpath.ps1'
[2.845s] INFO:colcon.colcon_core.shell:Creating environment descriptor '/home/mike/ros2_project/install/balancing_robot/share/balancing_robot/hook/pythonpath.dsv'
[2.846s] INFO:colcon.colcon_core.shell:Creating environment hook '/home/mike/ros2_project/install/balancing_robot/share/balancing_robot/hook/pythonpath.sh'
[2.847s] Level 1:colcon.colcon_core.environment:checking '/home/mike/ros2_project/install/balancing_robot/bin'
[2.847s] Level 1:colcon.colcon_core.environment:create_environment_scripts_only(balancing_robot)
[2.849s] INFO:colcon.colcon_core.shell:Creating package script '/home/mike/ros2_project/install/balancing_robot/share/balancing_robot/package.ps1'
[2.851s] INFO:colcon.colcon_core.shell:Creating package descriptor '/home/mike/ros2_project/install/balancing_robot/share/balancing_robot/package.dsv'
[2.852s] INFO:colcon.colcon_core.shell:Creating package script '/home/mike/ros2_project/install/balancing_robot/share/balancing_robot/package.sh'
[2.853s] INFO:colcon.colcon_core.shell:Creating package script '/home/mike/ros2_project/install/balancing_robot/share/balancing_robot/package.bash'
[2.854s] INFO:colcon.colcon_core.shell:Creating package script '/home/mike/ros2_project/install/balancing_robot/share/balancing_robot/package.zsh'
[2.856s] Level 1:colcon.colcon_core.environment:create_file_with_runtime_dependencies(/home/mike/ros2_project/install/balancing_robot/share/colcon-core/packages/balancing_robot)
[2.856s] DEBUG:colcon.colcon_parallel_executor.executor.parallel:closing loop
[2.857s] DEBUG:colcon.colcon_parallel_executor.executor.parallel:loop closed
[2.857s] DEBUG:colcon.colcon_parallel_executor.executor.parallel:run_until_complete finished with '0'
[2.857s] DEBUG:colcon.colcon_core.event_reactor:joining thread
[2.869s] INFO:colcon.colcon_core.plugin_system:Skipping extension 'colcon_notification.desktop_notification.terminal_notifier': Not used on non-Darwin systems
[2.870s] INFO:colcon.colcon_core.plugin_system:Skipping extension 'colcon_notification.desktop_notification.win32': Not used on non-Windows systems
[2.870s] INFO:colcon.colcon_notification.desktop_notification:Sending desktop notification using 'notify2'
[2.887s] DEBUG:colcon.colcon_core.event_reactor:joined thread
[2.889s] INFO:colcon.colcon_core.shell:Creating prefix script '/home/mike/ros2_project/install/local_setup.ps1'
[2.891s] INFO:colcon.colcon_core.shell:Creating prefix util module '/home/mike/ros2_project/install/_local_setup_util_ps1.py'
[2.895s] INFO:colcon.colcon_core.shell:Creating prefix chain script '/home/mike/ros2_project/install/setup.ps1'
[2.898s] INFO:colcon.colcon_core.shell:Creating prefix script '/home/mike/ros2_project/install/local_setup.sh'
[2.899s] INFO:colcon.colcon_core.shell:Creating prefix util module '/home/mike/ros2_project/install/_local_setup_util_sh.py'
[2.900s] INFO:colcon.colcon_core.shell:Creating prefix chain script '/home/mike/ros2_project/install/setup.sh'
[2.903s] INFO:colcon.colcon_core.shell:Creating prefix script '/home/mike/ros2_project/install/local_setup.bash'
[2.904s] INFO:colcon.colcon_core.shell:Creating prefix chain script '/home/mike/ros2_project/install/setup.bash'
[2.907s] INFO:colcon.colcon_core.shell:Creating prefix script '/home/mike/ros2_project/install/local_setup.zsh'
[2.908s] INFO:colcon.colcon_core.shell:Creating prefix chain script '/home/mike/ros2_project/install/setup.zsh'
