running egg_info
creating ../../build/balancing_robot/balancing_robot.egg-info
writing ../../build/balancing_robot/balancing_robot.egg-info/PKG-INFO
writing dependency_links to ../../build/balancing_robot/balancing_robot.egg-info/dependency_links.txt
writing entry points to ../../build/balancing_robot/balancing_robot.egg-info/entry_points.txt
writing requirements to ../../build/balancing_robot/balancing_robot.egg-info/requires.txt
writing top-level names to ../../build/balancing_robot/balancing_robot.egg-info/top_level.txt
writing manifest file '../../build/balancing_robot/balancing_robot.egg-info/SOURCES.txt'
reading manifest file '../../build/balancing_robot/balancing_robot.egg-info/SOURCES.txt'
writing manifest file '../../build/balancing_robot/balancing_robot.egg-info/SOURCES.txt'
running build
running build_py
creating /home/mike/ros2_project/build/balancing_robot/build
creating /home/mike/ros2_project/build/balancing_robot/build/lib
creating /home/mike/ros2_project/build/balancing_robot/build/lib/balancing_robot
copying balancing_robot/__init__.py -> /home/mike/ros2_project/build/balancing_robot/build/lib/balancing_robot
copying balancing_robot/spawn.py -> /home/mike/ros2_project/build/balancing_robot/build/lib/balancing_robot
running install
running install_lib
creating /home/mike/ros2_project/install/balancing_robot/lib/python3.10/site-packages/balancing_robot
copying /home/mike/ros2_project/build/balancing_robot/build/lib/balancing_robot/__init__.py -> /home/mike/ros2_project/install/balancing_robot/lib/python3.10/site-packages/balancing_robot
copying /home/mike/ros2_project/build/balancing_robot/build/lib/balancing_robot/spawn.py -> /home/mike/ros2_project/install/balancing_robot/lib/python3.10/site-packages/balancing_robot
byte-compiling /home/mike/ros2_project/install/balancing_robot/lib/python3.10/site-packages/balancing_robot/__init__.py to __init__.cpython-310.pyc
byte-compiling /home/mike/ros2_project/install/balancing_robot/lib/python3.10/site-packages/balancing_robot/spawn.py to spawn.cpython-310.pyc
running install_data
creating /home/mike/ros2_project/install/balancing_robot/share/ament_index
creating /home/mike/ros2_project/install/balancing_robot/share/ament_index/resource_index
creating /home/mike/ros2_project/install/balancing_robot/share/ament_index/resource_index/packages
copying resource/balancing_robot -> /home/mike/ros2_project/install/balancing_robot/share/ament_index/resource_index/packages
copying package.xml -> /home/mike/ros2_project/install/balancing_robot/share/balancing_robot
creating /home/mike/ros2_project/install/balancing_robot/share/balancing_robot/launch
