[0.819s] Invoking command in '/home/mike/ros2_project/src/balancing_robot': PYTHONPATH=/home/mike/ros2_project/build/balancing_robot/prefix_override:/home/mike/ros2_project/install/balancing_robot/lib/python3.10/site-packages:${PYTHONPATH} /usr/bin/python3 setup.py egg_info --egg-base ../../build/balancing_robot build --build-base /home/mike/ros2_project/build/balancing_robot/build install --record /home/mike/ros2_project/build/balancing_robot/install.log --single-version-externally-managed
[1.171s] running egg_info
[1.172s] creating ../../build/balancing_robot/balancing_robot.egg-info
[1.172s] writing ../../build/balancing_robot/balancing_robot.egg-info/PKG-INFO
[1.172s] writing dependency_links to ../../build/balancing_robot/balancing_robot.egg-info/dependency_links.txt
[1.173s] writing entry points to ../../build/balancing_robot/balancing_robot.egg-info/entry_points.txt
[1.173s] writing requirements to ../../build/balancing_robot/balancing_robot.egg-info/requires.txt
[1.173s] writing top-level names to ../../build/balancing_robot/balancing_robot.egg-info/top_level.txt
[1.173s] writing manifest file '../../build/balancing_robot/balancing_robot.egg-info/SOURCES.txt'
[1.176s] reading manifest file '../../build/balancing_robot/balancing_robot.egg-info/SOURCES.txt'
[1.177s] writing manifest file '../../build/balancing_robot/balancing_robot.egg-info/SOURCES.txt'
[1.178s] running build
[1.178s] running build_py
[1.178s] creating /home/mike/ros2_project/build/balancing_robot/build
[1.181s] creating /home/mike/ros2_project/build/balancing_robot/build/lib
[1.181s] creating /home/mike/ros2_project/build/balancing_robot/build/lib/balancing_robot
[1.181s] copying balancing_robot/__init__.py -> /home/mike/ros2_project/build/balancing_robot/build/lib/balancing_robot
[1.181s] copying balancing_robot/spawn.py -> /home/mike/ros2_project/build/balancing_robot/build/lib/balancing_robot
[1.182s] running install
[1.182s] running install_lib
[1.183s] creating /home/mike/ros2_project/install/balancing_robot/lib/python3.10/site-packages/balancing_robot
[1.184s] copying /home/mike/ros2_project/build/balancing_robot/build/lib/balancing_robot/__init__.py -> /home/mike/ros2_project/install/balancing_robot/lib/python3.10/site-packages/balancing_robot
[1.184s] copying /home/mike/ros2_project/build/balancing_robot/build/lib/balancing_robot/spawn.py -> /home/mike/ros2_project/install/balancing_robot/lib/python3.10/site-packages/balancing_robot
[1.185s] byte-compiling /home/mike/ros2_project/install/balancing_robot/lib/python3.10/site-packages/balancing_robot/__init__.py to __init__.cpython-310.pyc
[1.185s] byte-compiling /home/mike/ros2_project/install/balancing_robot/lib/python3.10/site-packages/balancing_robot/spawn.py to spawn.cpython-310.pyc
[1.185s] running install_data
[1.186s] creating /home/mike/ros2_project/install/balancing_robot/share/ament_index
[1.186s] creating /home/mike/ros2_project/install/balancing_robot/share/ament_index/resource_index
[1.186s] creating /home/mike/ros2_project/install/balancing_robot/share/ament_index/resource_index/packages
[1.187s] copying resource/balancing_robot -> /home/mike/ros2_project/install/balancing_robot/share/ament_index/resource_index/packages
[1.187s] copying package.xml -> /home/mike/ros2_project/install/balancing_robot/share/balancing_robot
[1.187s] creating /home/mike/ros2_project/install/balancing_robot/share/balancing_robot/launch
[1.187s] error: can't copy 'balancing_robot.launch.py': doesn't exist or not a regular file
[1.213s] Invoked command in '/home/mike/ros2_project/src/balancing_robot' returned '1': PYTHONPATH=/home/mike/ros2_project/build/balancing_robot/prefix_override:/home/mike/ros2_project/install/balancing_robot/lib/python3.10/site-packages:${PYTHONPATH} /usr/bin/python3 setup.py egg_info --egg-base ../../build/balancing_robot build --build-base /home/mike/ros2_project/build/balancing_robot/build install --record /home/mike/ros2_project/build/balancing_robot/install.log --single-version-externally-managed
